# JRE version: Java(TM) SE Runtime Environment (8.0_92-b14) (build 1.8.0_92-b14)
# Java VM: Java HotSpot(TM) Client VM (25.92-b14 mixed mode windows-x86 )
Heap:
 def new generation   total 45120K, used 16490K [0x04a00000, 0x07af0000, 0x19f50000)
  eden space 40128K,  35% used [0x04a00000, 0x057dc818, 0x07130000)
  from space 4992K,  45% used [0x07610000, 0x0784e0a8, 0x07af0000)
  to   space 4992K,   0% used [0x07130000, 0x07130000, 0x07610000)
 tenured generation   total 100152K, used 67340K [0x19f50000, 0x2011e000, 0x44a00000)
   the space 100152K,  67% used [0x19f50000, 0x1e113190, 0x1e113200, 0x2011e000)
 Metaspace       used 34408K, capacity 36217K, committed 36352K, reserved 37248K
GC Heap History (10 events):
Event: 35858.047 GC heap before
{Heap before GC invocations=70 (full 3):
 def new generation   total 45120K, used 41955K [0x04a00000, 0x07af0000, 0x19f50000)
  eden space 40128K, 100% used [0x04a00000, 0x07130000, 0x07130000)
  from space 4992K,  36% used [0x07130000, 0x072f8c00, 0x07610000)
  to   space 4992K,   0% used [0x07610000, 0x07610000, 0x07af0000)
 tenured generation   total 100152K, used 67340K [0x19f50000, 0x2011e000, 0x44a00000)
   the space 100152K,  67% used [0x19f50000, 0x1e113190, 0x1e113200, 0x2011e000)
 Metaspace       used 34396K, capacity 36183K, committed 36224K, reserved 36224K
Event: 35858.071 GC heap after
Heap after GC invocations=71 (full 3):
 def new generation   total 45120K, used 1840K [0x04a00000, 0x07af0000, 0x19f50000)
  eden space 40128K,   0% used [0x04a00000, 0x04a00000, 0x07130000)
  from space 4992K,  36% used [0x07610000, 0x077dc3c0, 0x07af0000)
  to   space 4992K,   0% used [0x07130000, 0x07130000, 0x07610000)
 tenured generation   total 100152K, used 67340K [0x19f50000, 0x2011e000, 0x44a00000)
   the space 100152K,  67% used [0x19f50000, 0x1e113190, 0x1e113200, 0x2011e000)
 Metaspace       used 34396K, capacity 36183K, committed 36224K, reserved 36224K
}
Event: 35866.623 GC heap before
{Heap before GC invocations=71 (full 3):
 def new generation   total 45120K, used 41968K [0x04a00000, 0x07af0000, 0x19f50000)
  eden space 40128K, 100% used [0x04a00000, 0x07130000, 0x07130000)
  from space 4992K,  36% used [0x07610000, 0x077dc3c0, 0x07af0000)
  to   space 4992K,   0% used [0x07130000, 0x07130000, 0x07610000)
 tenured generation   total 100152K, used 67340K [0x19f50000, 0x2011e000, 0x44a00000)
   the space 100152K,  67% used [0x19f50000, 0x1e113190, 0x1e113200, 0x2011e000)
 Metaspace       used 34406K, capacity 36217K, committed 36352K, reserved 37248K
Event: 35866.634 GC heap after
Heap after GC invocations=72 (full 3):
 def new generation   total 45120K, used 2080K [0x04a00000, 0x07af0000, 0x19f50000)
  eden space 40128K,   0% used [0x04a00000, 0x04a00000, 0x07130000)
  from space 4992K,  41% used [0x07130000, 0x07338130, 0x07610000)
  to   space 4992K,   0% used [0x07610000, 0x07610000, 0x07af0000)
 tenured generation   total 100152K, used 67340K [0x19f50000, 0x2011e000, 0x44a00000)
   the space 100152K,  67% used [0x19f50000, 0x1e113190, 0x1e113200, 0x2011e000)
 Metaspace       used 34406K, capacity 36217K, committed 36352K, reserved 37248K
}
Event: 35874.571 GC heap before
{Heap before GC invocations=72 (full 3):
 def new generation   total 45120K, used 42208K [0x04a00000, 0x07af0000, 0x19f50000)
  eden space 40128K, 100% used [0x04a00000, 0x07130000, 0x07130000)
  from space 4992K,  41% used [0x07130000, 0x07338130, 0x07610000)
  to   space 4992K,   0% used [0x07610000, 0x07610000, 0x07af0000)
 tenured generation   total 100152K, used 67340K [0x19f50000, 0x2011e000, 0x44a00000)
   the space 100152K,  67% used [0x19f50000, 0x1e113190, 0x1e113200, 0x2011e000)
 Metaspace       used 34406K, capacity 36217K, committed 36352K, reserved 37248K
Event: 35874.582 GC heap after
Heap after GC invocations=73 (full 3):
 def new generation   total 45120K, used 2186K [0x04a00000, 0x07af0000, 0x19f50000)
  eden space 40128K,   0% used [0x04a00000, 0x04a00000, 0x07130000)
  from space 4992K,  43% used [0x07610000, 0x07832b70, 0x07af0000)
  to   space 4992K,   0% used [0x07130000, 0x07130000, 0x07610000)
 tenured generation   total 100152K, used 67340K [0x19f50000, 0x2011e000, 0x44a00000)
   the space 100152K,  67% used [0x19f50000, 0x1e113190, 0x1e113200, 0x2011e000)
 Metaspace       used 34406K, capacity 36217K, committed 36352K, reserved 37248K
}
Event: 35874.980 GC heap before
{Heap before GC invocations=73 (full 3):
 def new generation   total 45120K, used 42314K [0x04a00000, 0x07af0000, 0x19f50000)
  eden space 40128K, 100% used [0x04a00000, 0x07130000, 0x07130000)
  from space 4992K,  43% used [0x07610000, 0x07832b70, 0x07af0000)
  to   space 4992K,   0% used [0x07130000, 0x07130000, 0x07610000)
 tenured generation   total 100152K, used 67340K [0x19f50000, 0x2011e000, 0x44a00000)
   the space 100152K,  67% used [0x19f50000, 0x1e113190, 0x1e113200, 0x2011e000)
 Metaspace       used 34407K, capacity 36217K, committed 36352K, reserved 37248K
Event: 35874.992 GC heap after
Heap after GC invocations=74 (full 3):
 def new generation   total 45120K, used 2414K [0x04a00000, 0x07af0000, 0x19f50000)
  eden space 40128K,   0% used [0x04a00000, 0x04a00000, 0x07130000)
  from space 4992K,  48% used [0x07130000, 0x0738bb90, 0x07610000)
  to   space 4992K,   0% used [0x07610000, 0x07610000, 0x07af0000)
 tenured generation   total 100152K, used 67340K [0x19f50000, 0x2011e000, 0x44a00000)
   the space 100152K,  67% used [0x19f50000, 0x1e113190, 0x1e113200, 0x2011e000)
 Metaspace       used 34407K, capacity 36217K, committed 36352K, reserved 37248K
}
Event: 39852.506 GC heap before
{Heap before GC invocations=74 (full 3):
 def new generation   total 45120K, used 42542K [0x04a00000, 0x07af0000, 0x19f50000)
  eden space 40128K, 100% used [0x04a00000, 0x07130000, 0x07130000)
  from space 4992K,  48% used [0x07130000, 0x0738bb90, 0x07610000)
  to   space 4992K,   0% used [0x07610000, 0x07610000, 0x07af0000)
 tenured generation   total 100152K, used 67340K [0x19f50000, 0x2011e000, 0x44a00000)
   the space 100152K,  67% used [0x19f50000, 0x1e113190, 0x1e113200, 0x2011e000)
 Metaspace       used 34407K, capacity 36217K, committed 36352K, reserved 37248K
Event: 39852.519 GC heap after
Heap after GC invocations=75 (full 3):
 def new generation   total 45120K, used 2296K [0x04a00000, 0x07af0000, 0x19f50000)
  eden space 40128K,   0% used [0x04a00000, 0x04a00000, 0x07130000)
  from space 4992K,  45% used [0x07610000, 0x0784e0a8, 0x07af0000)
  to   space 4992K,   0% used [0x07130000, 0x07130000, 0x07610000)
 tenured generation   total 100152K, used 67340K [0x19f50000, 0x2011e000, 0x44a00000)
   the space 100152K,  67% used [0x19f50000, 0x1e113190, 0x1e113200, 0x2011e000)
 Metaspace       used 34407K, capacity 36217K, committed 36352K, reserved 37248K
}

